<?xml version="1.0" encoding="UTF-8"?><testsuite name="nosetests" tests="9" errors="0" failures="0" skip="0"><testcase classname="phonology_engine.tests.tests" name="test_process_1" time="0.002"></testcase><testcase classname="phonology_engine.tests.tests" name="test_process_2" time="0.002"></testcase><testcase classname="phonology_engine.tests.tests" name="test_process_and_collapse_1" time="0.002"></testcase><testcase classname="phonology_engine.tests.tests" name="test_process_and_collapse_word_1" time="0.015"></testcase><testcase classname="phonology_engine.tests.tests" name="test_process_and_collapse_number_stressed_word_1" time="0.011"></testcase><testcase classname="phonology_engine.tests.tests" name="test_process_and_collapse_utf8_stressed_word_1" time="0.011"></testcase><testcase classname="phonology_engine.tests.tests" name="test_process_and_collapse_ascii_stressed_word_1" time="0.010"></testcase><testcase classname="phonology_engine.tests.tests" name="test_normalize_text_1" time="0.002"></testcase><testcase classname="phonology_engine.tests.tests" name="test_normalize_and_collapse_text_1" time="0.002"></testcase></testsuite>